<?xml version="1.0" encoding="UTF-8"?>
<!-- Generated by org.testng.reporters.JUnitReportReporter -->
<testsuite skipped="0" hostname="DESKTOP-E90TV01" name="test1.SampleTest1" tests="1" failures="0" timestamp="10 Jan 2023 11:41:27 GMT" time="12.269" errors="0">
  <testcase name="logintest" time="12.269" classname="test1.SampleTest1"/>
</testsuite> <!-- test1.SampleTest1 -->
