<?xml version="1.0" encoding="UTF-8"?>
<!-- Generated by org.testng.reporters.JUnitReportReporter -->
<testsuite name="test1.SampleTest1" tests="1" time="12.351" ignored="0" failures="0" timestamp="10 Jan 2023 11:52:36 GMT" skipped="0" hostname="DESKTOP-E90TV01" errors="0">
  <testcase name="logintest" time="12.351" classname="test1.SampleTest1"/>
</testsuite> <!-- test1.SampleTest1 -->
